update-alternatives 2018-08-08 02:03:34: run with --quiet --install /usr/bin/awk awk /usr/bin/mawk 5 --slave /usr/share/man/man1/awk.1.gz awk.1.gz /usr/share/man/man1/mawk.1.gz --slave /usr/bin/nawk nawk /usr/bin/mawk --slave /usr/share/man/man1/nawk.1.gz nawk.1.gz /usr/share/man/man1/mawk.1.gz
update-alternatives 2018-08-08 02:03:34: link group awk updated to point to /usr/bin/mawk
update-alternatives 2018-08-08 02:03:45: run with --quiet --install /usr/bin/awk awk /usr/bin/mawk 5 --slave /usr/share/man/man1/awk.1.gz awk.1.gz /usr/share/man/man1/mawk.1.gz --slave /usr/bin/nawk nawk /usr/bin/mawk --slave /usr/share/man/man1/nawk.1.gz nawk.1.gz /usr/share/man/man1/mawk.1.gz
update-alternatives 2018-08-08 02:03:50: run with --install /usr/sbin/rmt rmt /usr/sbin/rmt-tar 50 --slave /usr/share/man/man8/rmt.8.gz rmt.8.gz /usr/share/man/man8/rmt-tar.8.gz
update-alternatives 2018-08-08 02:03:50: link group rmt updated to point to /usr/sbin/rmt-tar
update-alternatives 2018-08-08 02:03:52: run with --install /usr/share/man/man7/builtins.7.gz builtins.7.gz /usr/share/man/man7/bash-builtins.7.gz 10
update-alternatives 2018-08-08 02:03:52: link group builtins.7.gz updated to point to /usr/share/man/man7/bash-builtins.7.gz
update-alternatives 2018-08-08 02:03:54: run with --install /usr/bin/pager pager /bin/more 50 --slave /usr/share/man/man1/pager.1.gz pager.1.gz /usr/share/man/man1/more.1.gz
update-alternatives 2018-08-08 02:03:54: link group pager updated to point to /bin/more
update-alternatives 2018-08-08 02:03:54: run with --install /usr/bin/pager pager /usr/bin/pg 10 --slave /usr/share/man/man1/pager.1.gz pager.1.gz /usr/share/man/man1/pg.1.gz
update-alternatives 2018-08-08 02:03:54: run with --install /usr/bin/w w /usr/bin/w.procps 50 --slave /usr/share/man/man1/w.1.gz w.1.gz /usr/share/man/man1/w.procps.1.gz
update-alternatives 2018-08-08 02:03:54: link group w updated to point to /usr/bin/w.procps
update-alternatives 2018-08-08 02:04:28: run with --remove builtins.7.gz /usr/share/man/man7/bash-builtins.7.gz
update-alternatives 2018-08-08 02:04:28: link group builtins.7.gz fully removed
update-alternatives 2018-08-08 02:04:28: run with --install /usr/share/man/man7/builtins.7.gz builtins.7.gz /usr/share/man/man7/bash-builtins.7.gz 10
update-alternatives 2018-08-08 02:04:28: link group builtins.7.gz updated to point to /usr/share/man/man7/bash-builtins.7.gz
update-alternatives 2018-08-08 02:04:36: run with --install /usr/bin/pager pager /bin/more 50 --slave /usr/share/man/man1/pager.1.gz pager.1.gz /usr/share/man/man1/more.1.gz
update-alternatives 2018-08-08 02:04:36: run with --install /usr/bin/pager pager /usr/bin/pg 10 --slave /usr/share/man/man1/pager.1.gz pager.1.gz /usr/share/man/man1/pg.1.gz
update-alternatives 2018-08-08 02:04:36: run with --install /usr/sbin/rmt rmt /usr/sbin/rmt-tar 50 --slave /usr/share/man/man8/rmt.8.gz rmt.8.gz /usr/share/man/man8/rmt-tar.8.gz
update-alternatives 2018-08-08 02:04:41: run with --install /usr/bin/w w /usr/bin/w.procps 50 --slave /usr/share/man/man1/w.1.gz w.1.gz /usr/share/man/man1/w.procps.1.gz
